2020-10-06 19:14:32.574 [ main ] - [ INFO  ] [ com.bank.BankApplication : 48 ] - Starting BankApplication on Kurts-MBP with PID 3787 (/Users/kurtfile/IT/IdeaProjects/bank-master/target/classes started by kurtfile in /Users/kurtfile/IT/IdeaProjects/bank-master)
2020-10-06 19:14:32.583 [ main ] - [ DEBUG ] [ com.bank.BankApplication : 51 ] - Running with Spring Boot v1.5.10.RELEASE, Spring v4.3.14.RELEASE
2020-10-06 19:14:32.583 [ main ] - [ INFO  ] [ com.bank.BankApplication : 593 ] - No active profile set, falling back to default profiles: default
2020-10-06 19:14:32.761 [ background-preinit ] - [ INFO  ] [ org.hibernate.validator.internal.util.Version : 30 ] - HV000001: Hibernate Validator 5.3.6.Final
2020-10-06 19:14:34.444 [ main ] - [ INFO  ] [ org.apache.catalina.core.StandardService : 180 ] - Starting service [Tomcat]
2020-10-06 19:14:34.445 [ main ] - [ INFO  ] [ org.apache.catalina.core.StandardEngine : 180 ] - Starting Servlet Engine: Apache Tomcat/8.5.27
2020-10-06 19:14:34.501 [ localhost-startStop-1 ] - [ INFO  ] [ o.a.c.core.ContainerBase.[Tomcat].[localhost].[/] : 180 ] - Initializing Spring embedded WebApplicationContext
2020-10-06 19:14:36.294 [ main ] - [ INFO  ] [ org.apache.coyote.http11.Http11NioProtocol : 180 ] - Initializing ProtocolHandler ["http-nio-8080"]
2020-10-06 19:14:36.301 [ main ] - [ INFO  ] [ org.apache.coyote.http11.Http11NioProtocol : 180 ] - Starting ProtocolHandler ["http-nio-8080"]
2020-10-06 19:14:36.317 [ main ] - [ INFO  ] [ org.apache.tomcat.util.net.NioSelectorPool : 180 ] - Using a shared selector for servlet write/read
2020-10-06 19:14:36.334 [ main ] - [ INFO  ] [ com.bank.BankApplication : 57 ] - Started BankApplication in 4.263 seconds (JVM running for 4.92)
2020-10-06 19:14:40.317 [ RMI TCP Connection(3)-192.168.43.189 ] - [ INFO  ] [ com.alibaba.druid.pool.DruidDataSource : 923 ] - {dataSource-1} inited
2020-10-06 19:15:46.395 [ http-nio-8080-exec-1 ] - [ INFO  ] [ o.a.c.core.ContainerBase.[Tomcat].[localhost].[/] : 180 ] - Initializing Spring FrameworkServlet 'dispatcherServlet'
2020-10-06 19:15:58.557 [ http-nio-8080-exec-1 ] - [ DEBUG ] [ com.bank.dao.BankUserMapper.selectByExample : 159 ] - ==>  Preparing: select user_id, user_name, password, user_type, phone, address, email from bank_user WHERE ( user_name = ? and password = ? ) 
2020-10-06 19:15:58.594 [ http-nio-8080-exec-1 ] - [ DEBUG ] [ com.bank.dao.BankUserMapper.selectByExample : 159 ] - ==> Parameters: zjxcy123(String), 187a6fff600a3c15bdf34874369a843c(String)
2020-10-06 19:15:58.637 [ http-nio-8080-exec-1 ] - [ DEBUG ] [ com.bank.dao.BankUserMapper.selectByExample : 159 ] - <==      Total: 1
2020-10-06 19:16:04.502 [ http-nio-8080-exec-2 ] - [ DEBUG ] [ com.bank.dao.BankCustomerMapper.selectByExample : 159 ] - ==>  Preparing: select cust_id, cust_name, password, identity_card, cust_type, sex, phone, address, email, credit from bank_customer order by cust_id desc 
2020-10-06 19:16:04.505 [ http-nio-8080-exec-2 ] - [ DEBUG ] [ com.bank.dao.BankCustomerMapper.selectByExample : 159 ] - ==> Parameters: 
2020-10-06 19:16:04.548 [ http-nio-8080-exec-2 ] - [ DEBUG ] [ com.bank.dao.BankCustomerMapper.selectByExample : 159 ] - <==      Total: 1
2020-10-06 19:44:26.444 [ Thread-9 ] - [ INFO  ] [ com.alibaba.druid.pool.DruidDataSource : 1818 ] - {dataSource-1} closed
2020-10-06 19:44:29.605 [ main ] - [ INFO  ] [ com.bank.BankApplication : 48 ] - Starting BankApplication on Kurts-MBP with PID 4069 (/Users/kurtfile/IT/IdeaProjects/bank-master/target/classes started by kurtfile in /Users/kurtfile/IT/IdeaProjects/bank-master)
2020-10-06 19:44:29.606 [ main ] - [ DEBUG ] [ com.bank.BankApplication : 51 ] - Running with Spring Boot v1.5.10.RELEASE, Spring v4.3.14.RELEASE
2020-10-06 19:44:29.607 [ main ] - [ INFO  ] [ com.bank.BankApplication : 593 ] - No active profile set, falling back to default profiles: default
2020-10-06 19:44:29.692 [ background-preinit ] - [ INFO  ] [ org.hibernate.validator.internal.util.Version : 30 ] - HV000001: Hibernate Validator 5.3.6.Final
2020-10-06 19:44:30.477 [ main ] - [ INFO  ] [ org.apache.catalina.core.StandardService : 180 ] - Starting service [Tomcat]
2020-10-06 19:44:30.478 [ main ] - [ INFO  ] [ org.apache.catalina.core.StandardEngine : 180 ] - Starting Servlet Engine: Apache Tomcat/8.5.27
2020-10-06 19:44:30.525 [ localhost-startStop-1 ] - [ INFO  ] [ o.a.c.core.ContainerBase.[Tomcat].[localhost].[/] : 180 ] - Initializing Spring embedded WebApplicationContext
2020-10-06 19:44:32.002 [ main ] - [ INFO  ] [ org.apache.coyote.http11.Http11NioProtocol : 180 ] - Initializing ProtocolHandler ["http-nio-8080"]
2020-10-06 19:44:32.007 [ main ] - [ INFO  ] [ org.apache.coyote.http11.Http11NioProtocol : 180 ] - Starting ProtocolHandler ["http-nio-8080"]
2020-10-06 19:44:32.020 [ main ] - [ INFO  ] [ org.apache.tomcat.util.net.NioSelectorPool : 180 ] - Using a shared selector for servlet write/read
2020-10-06 19:44:32.031 [ main ] - [ INFO  ] [ com.bank.BankApplication : 57 ] - Started BankApplication in 2.654 seconds (JVM running for 3.127)
2020-10-06 19:44:33.975 [ RMI TCP Connection(3)-192.168.43.189 ] - [ INFO  ] [ com.alibaba.druid.pool.DruidDataSource : 923 ] - {dataSource-1} inited
2020-10-06 19:45:09.881 [ http-nio-8080-exec-1 ] - [ INFO  ] [ o.a.c.core.ContainerBase.[Tomcat].[localhost].[/] : 180 ] - Initializing Spring FrameworkServlet 'dispatcherServlet'
2020-10-06 19:51:08.732 [ http-nio-8080-exec-3 ] - [ DEBUG ] [ com.bank.dao.BankLoanMapper.selectByExample : 159 ] - ==>  Preparing: select trans_id, cust_id, account, trans_date, loan_amount, ins_count, loan_interest, loan_amount_sum, expiration_date, recovered_amount, loan_status, reviewer_id, loan_type_name from bank_loan 
2020-10-06 19:51:08.755 [ http-nio-8080-exec-3 ] - [ DEBUG ] [ com.bank.dao.BankLoanMapper.selectByExample : 159 ] - ==> Parameters: 
2020-10-06 19:51:08.792 [ http-nio-8080-exec-3 ] - [ DEBUG ] [ com.bank.dao.BankLoanMapper.selectByExample : 159 ] - <==      Total: 0
2020-10-06 19:51:09.981 [ http-nio-8080-exec-5 ] - [ DEBUG ] [ com.bank.dao.BankLoanTypeMapper.selectByPrimaryKey : 159 ] - ==>  Preparing: select loan_type_name, period_one, period_two, period_three, fine_rate from bank_loan_type where loan_type_name = ? 
2020-10-06 19:51:09.998 [ http-nio-8080-exec-5 ] - [ DEBUG ] [ com.bank.dao.BankLoanTypeMapper.selectByPrimaryKey : 159 ] - ==> Parameters: 住房贷款(String)
2020-10-06 19:51:10.030 [ http-nio-8080-exec-5 ] - [ DEBUG ] [ com.bank.dao.BankLoanTypeMapper.selectByPrimaryKey : 159 ] - <==      Total: 1
2020-10-06 19:51:27.060 [ http-nio-8080-exec-8 ] - [ DEBUG ] [ com.bank.dao.BankLoanMapper.selectByExample : 159 ] - ==>  Preparing: select trans_id, cust_id, account, trans_date, loan_amount, ins_count, loan_interest, loan_amount_sum, expiration_date, recovered_amount, loan_status, reviewer_id, loan_type_name from bank_loan 
2020-10-06 19:51:27.060 [ http-nio-8080-exec-8 ] - [ DEBUG ] [ com.bank.dao.BankLoanMapper.selectByExample : 159 ] - ==> Parameters: 
2020-10-06 19:51:27.103 [ http-nio-8080-exec-8 ] - [ DEBUG ] [ com.bank.dao.BankLoanMapper.selectByExample : 159 ] - <==      Total: 0
2020-10-06 19:51:33.468 [ http-nio-8080-exec-10 ] - [ DEBUG ] [ com.bank.dao.BankRemitLogMapper.selectByExample : 159 ] - ==>  Preparing: select remit_id, remit_out_account, remit_in_account, amount, remit_generate_date, remit_arrive_date from bank_remit_log WHERE ( remit_id is not null ) 
2020-10-06 19:51:33.471 [ http-nio-8080-exec-10 ] - [ DEBUG ] [ com.bank.dao.BankRemitLogMapper.selectByExample : 159 ] - ==> Parameters: 
2020-10-06 19:51:33.509 [ http-nio-8080-exec-10 ] - [ ERROR ] [ druid.sql.Statement : 152 ] - {conn-10005, pstmt-20003} execute error. select
     
     
    remit_id, remit_out_account, remit_in_account, amount, remit_generate_date, remit_arrive_date
   
    from bank_remit_log
     
       
     WHERE (  remit_id is not null )
com.mysql.jdbc.exceptions.jdbc4.MySQLSyntaxErrorException: Table 'bank.bank_remit_log' doesn't exist
	at sun.reflect.NativeConstructorAccessorImpl.newInstance0(Native Method)
	at sun.reflect.NativeConstructorAccessorImpl.newInstance(NativeConstructorAccessorImpl.java:62)
	at sun.reflect.DelegatingConstructorAccessorImpl.newInstance(DelegatingConstructorAccessorImpl.java:45)
	at java.lang.reflect.Constructor.newInstance(Constructor.java:423)
	at com.mysql.jdbc.Util.handleNewInstance(Util.java:425)
	at com.mysql.jdbc.Util.getInstance(Util.java:408)
	at com.mysql.jdbc.SQLError.createSQLException(SQLError.java:944)
	at com.mysql.jdbc.MysqlIO.checkErrorPacket(MysqlIO.java:3976)
	at com.mysql.jdbc.MysqlIO.checkErrorPacket(MysqlIO.java:3912)
	at com.mysql.jdbc.MysqlIO.sendCommand(MysqlIO.java:2530)
	at com.mysql.jdbc.MysqlIO.sqlQueryDirect(MysqlIO.java:2683)
	at com.mysql.jdbc.ConnectionImpl.execSQL(ConnectionImpl.java:2486)
	at com.mysql.jdbc.PreparedStatement.executeInternal(PreparedStatement.java:1858)
	at com.mysql.jdbc.PreparedStatement.execute(PreparedStatement.java:1197)
	at com.alibaba.druid.filter.FilterChainImpl.preparedStatement_execute(FilterChainImpl.java:3051)
	at com.alibaba.druid.filter.FilterEventAdapter.preparedStatement_execute(FilterEventAdapter.java:440)
	at com.alibaba.druid.filter.FilterChainImpl.preparedStatement_execute(FilterChainImpl.java:3049)
	at com.alibaba.druid.wall.WallFilter.preparedStatement_execute(WallFilter.java:619)
	at com.alibaba.druid.filter.FilterChainImpl.preparedStatement_execute(FilterChainImpl.java:3049)
	at com.alibaba.druid.filter.FilterEventAdapter.preparedStatement_execute(FilterEventAdapter.java:440)
	at com.alibaba.druid.filter.FilterChainImpl.preparedStatement_execute(FilterChainImpl.java:3049)
	at com.alibaba.druid.proxy.jdbc.PreparedStatementProxyImpl.execute(PreparedStatementProxyImpl.java:167)
	at com.alibaba.druid.pool.DruidPooledPreparedStatement.execute(DruidPooledPreparedStatement.java:498)
	at sun.reflect.NativeMethodAccessorImpl.invoke0(Native Method)
	at sun.reflect.NativeMethodAccessorImpl.invoke(NativeMethodAccessorImpl.java:62)
	at sun.reflect.DelegatingMethodAccessorImpl.invoke(DelegatingMethodAccessorImpl.java:43)
	at java.lang.reflect.Method.invoke(Method.java:498)
	at org.apache.ibatis.logging.jdbc.PreparedStatementLogger.invoke(PreparedStatementLogger.java:59)
	at com.sun.proxy.$Proxy114.execute(Unknown Source)
	at org.apache.ibatis.executor.statement.PreparedStatementHandler.query(PreparedStatementHandler.java:63)
	at org.apache.ibatis.executor.statement.RoutingStatementHandler.query(RoutingStatementHandler.java:79)
	at org.apache.ibatis.executor.SimpleExecutor.doQuery(SimpleExecutor.java:63)
	at org.apache.ibatis.executor.BaseExecutor.queryFromDatabase(BaseExecutor.java:326)
	at org.apache.ibatis.executor.BaseExecutor.query(BaseExecutor.java:156)
	at org.apache.ibatis.executor.CachingExecutor.query(CachingExecutor.java:109)
	at org.apache.ibatis.executor.CachingExecutor.query(CachingExecutor.java:83)
	at org.apache.ibatis.session.defaults.DefaultSqlSession.selectList(DefaultSqlSession.java:148)
	at org.apache.ibatis.session.defaults.DefaultSqlSession.selectList(DefaultSqlSession.java:141)
	at sun.reflect.NativeMethodAccessorImpl.invoke0(Native Method)
	at sun.reflect.NativeMethodAccessorImpl.invoke(NativeMethodAccessorImpl.java:62)
	at sun.reflect.DelegatingMethodAccessorImpl.invoke(DelegatingMethodAccessorImpl.java:43)
	at java.lang.reflect.Method.invoke(Method.java:498)
	at org.mybatis.spring.SqlSessionTemplate$SqlSessionInterceptor.invoke(SqlSessionTemplate.java:433)
	at com.sun.proxy.$Proxy65.selectList(Unknown Source)
	at org.mybatis.spring.SqlSessionTemplate.selectList(SqlSessionTemplate.java:230)
	at org.apache.ibatis.binding.MapperMethod.executeForMany(MapperMethod.java:139)
	at org.apache.ibatis.binding.MapperMethod.execute(MapperMethod.java:76)
	at org.apache.ibatis.binding.MapperProxy.invoke(MapperProxy.java:59)
	at com.sun.proxy.$Proxy81.selectByExample(Unknown Source)
	at com.bank.service.Impl.RemitServiceImpl.getRemitLogs(RemitServiceImpl.java:104)
	at com.bank.controller.RemitController.getRemitLogs(RemitController.java:42)
	at sun.reflect.NativeMethodAccessorImpl.invoke0(Native Method)
	at sun.reflect.NativeMethodAccessorImpl.invoke(NativeMethodAccessorImpl.java:62)
	at sun.reflect.DelegatingMethodAccessorImpl.invoke(DelegatingMethodAccessorImpl.java:43)
	at java.lang.reflect.Method.invoke(Method.java:498)
	at org.springframework.web.method.support.InvocableHandlerMethod.doInvoke(InvocableHandlerMethod.java:205)
	at org.springframework.web.method.support.InvocableHandlerMethod.invokeForRequest(InvocableHandlerMethod.java:133)
	at org.springframework.web.servlet.mvc.method.annotation.ServletInvocableHandlerMethod.invokeAndHandle(ServletInvocableHandlerMethod.java:97)
	at org.springframework.web.servlet.mvc.method.annotation.RequestMappingHandlerAdapter.invokeHandlerMethod(RequestMappingHandlerAdapter.java:827)
	at org.springframework.web.servlet.mvc.method.annotation.RequestMappingHandlerAdapter.handleInternal(RequestMappingHandlerAdapter.java:738)
	at org.springframework.web.servlet.mvc.method.AbstractHandlerMethodAdapter.handle(AbstractHandlerMethodAdapter.java:85)
	at org.springframework.web.servlet.DispatcherServlet.doDispatch(DispatcherServlet.java:967)
	at org.springframework.web.servlet.DispatcherServlet.doService(DispatcherServlet.java:901)
	at org.springframework.web.servlet.FrameworkServlet.processRequest(FrameworkServlet.java:970)
	at org.springframework.web.servlet.FrameworkServlet.doGet(FrameworkServlet.java:861)
	at javax.servlet.http.HttpServlet.service(HttpServlet.java:635)
	at org.springframework.web.servlet.FrameworkServlet.service(FrameworkServlet.java:846)
	at javax.servlet.http.HttpServlet.service(HttpServlet.java:742)
	at org.apache.catalina.core.ApplicationFilterChain.internalDoFilter(ApplicationFilterChain.java:231)
	at org.apache.catalina.core.ApplicationFilterChain.doFilter(ApplicationFilterChain.java:166)
	at org.apache.tomcat.websocket.server.WsFilter.doFilter(WsFilter.java:52)
	at org.apache.catalina.core.ApplicationFilterChain.internalDoFilter(ApplicationFilterChain.java:193)
	at org.apache.catalina.core.ApplicationFilterChain.doFilter(ApplicationFilterChain.java:166)
	at org.springframework.boot.web.filter.ApplicationContextHeaderFilter.doFilterInternal(ApplicationContextHeaderFilter.java:55)
	at org.springframework.web.filter.OncePerRequestFilter.doFilter(OncePerRequestFilter.java:107)
	at org.apache.catalina.core.ApplicationFilterChain.internalDoFilter(ApplicationFilterChain.java:193)
	at org.apache.catalina.core.ApplicationFilterChain.doFilter(ApplicationFilterChain.java:166)
	at com.alibaba.druid.support.http.WebStatFilter.doFilter(WebStatFilter.java:123)
	at org.apache.catalina.core.ApplicationFilterChain.internalDoFilter(ApplicationFilterChain.java:193)
	at org.apache.catalina.core.ApplicationFilterChain.doFilter(ApplicationFilterChain.java:166)
	at org.springframework.boot.actuate.trace.WebRequestTraceFilter.doFilterInternal(WebRequestTraceFilter.java:110)
	at org.springframework.web.filter.OncePerRequestFilter.doFilter(OncePerRequestFilter.java:107)
	at org.apache.catalina.core.ApplicationFilterChain.internalDoFilter(ApplicationFilterChain.java:193)
	at org.apache.catalina.core.ApplicationFilterChain.doFilter(ApplicationFilterChain.java:166)
	at org.springframework.web.filter.CharacterEncodingFilter.doFilterInternal(CharacterEncodingFilter.java:197)
	at org.springframework.web.filter.OncePerRequestFilter.doFilter(OncePerRequestFilter.java:107)
	at org.apache.catalina.core.ApplicationFilterChain.internalDoFilter(ApplicationFilterChain.java:193)
	at org.apache.catalina.core.ApplicationFilterChain.doFilter(ApplicationFilterChain.java:166)
	at org.springframework.boot.actuate.autoconfigure.MetricsFilter.doFilterInternal(MetricsFilter.java:106)
	at org.springframework.web.filter.OncePerRequestFilter.doFilter(OncePerRequestFilter.java:107)
	at org.apache.catalina.core.ApplicationFilterChain.internalDoFilter(ApplicationFilterChain.java:193)
	at org.apache.catalina.core.ApplicationFilterChain.doFilter(ApplicationFilterChain.java:166)
	at org.apache.catalina.core.StandardWrapperValve.invoke(StandardWrapperValve.java:199)
	at org.apache.catalina.core.StandardContextValve.invoke(StandardContextValve.java:96)
	at org.apache.catalina.authenticator.AuthenticatorBase.invoke(AuthenticatorBase.java:504)
	at org.apache.catalina.core.StandardHostValve.invoke(StandardHostValve.java:140)
	at org.apache.catalina.valves.ErrorReportValve.invoke(ErrorReportValve.java:81)
	at org.apache.catalina.core.StandardEngineValve.invoke(StandardEngineValve.java:87)
	at org.apache.catalina.connector.CoyoteAdapter.service(CoyoteAdapter.java:342)
	at org.apache.coyote.http11.Http11Processor.service(Http11Processor.java:803)
	at org.apache.coyote.AbstractProcessorLight.process(AbstractProcessorLight.java:66)
	at org.apache.coyote.AbstractProtocol$ConnectionHandler.process(AbstractProtocol.java:790)
	at org.apache.tomcat.util.net.NioEndpoint$SocketProcessor.doRun(NioEndpoint.java:1459)
	at org.apache.tomcat.util.net.SocketProcessorBase.run(SocketProcessorBase.java:49)
	at java.util.concurrent.ThreadPoolExecutor.runWorker(ThreadPoolExecutor.java:1149)
	at java.util.concurrent.ThreadPoolExecutor$Worker.run(ThreadPoolExecutor.java:624)
	at org.apache.tomcat.util.threads.TaskThread$WrappingRunnable.run(TaskThread.java:61)
	at java.lang.Thread.run(Thread.java:748)
2020-10-06 19:52:12.710 [ http-nio-8080-exec-2 ] - [ DEBUG ] [ com.bank.dao.BankRemitLogMapper.selectByExample : 159 ] - ==>  Preparing: select remit_id, remit_out_account, remit_in_account, amount, remit_generate_date, remit_arrive_date from bank_remit_log WHERE ( remit_id is not null ) 
2020-10-06 19:52:12.711 [ http-nio-8080-exec-2 ] - [ DEBUG ] [ com.bank.dao.BankRemitLogMapper.selectByExample : 159 ] - ==> Parameters: 
2020-10-06 19:52:12.756 [ http-nio-8080-exec-2 ] - [ ERROR ] [ druid.sql.Statement : 152 ] - {conn-10005, pstmt-20004} execute error. select
     
     
    remit_id, remit_out_account, remit_in_account, amount, remit_generate_date, remit_arrive_date
   
    from bank_remit_log
     
       
     WHERE (  remit_id is not null )
com.mysql.jdbc.exceptions.jdbc4.MySQLSyntaxErrorException: Table 'bank.bank_remit_log' doesn't exist
	at sun.reflect.NativeConstructorAccessorImpl.newInstance0(Native Method)
	at sun.reflect.NativeConstructorAccessorImpl.newInstance(NativeConstructorAccessorImpl.java:62)
	at sun.reflect.DelegatingConstructorAccessorImpl.newInstance(DelegatingConstructorAccessorImpl.java:45)
	at java.lang.reflect.Constructor.newInstance(Constructor.java:423)
	at com.mysql.jdbc.Util.handleNewInstance(Util.java:425)
	at com.mysql.jdbc.Util.getInstance(Util.java:408)
	at com.mysql.jdbc.SQLError.createSQLException(SQLError.java:944)
	at com.mysql.jdbc.MysqlIO.checkErrorPacket(MysqlIO.java:3976)
	at com.mysql.jdbc.MysqlIO.checkErrorPacket(MysqlIO.java:3912)
	at com.mysql.jdbc.MysqlIO.sendCommand(MysqlIO.java:2530)
	at com.mysql.jdbc.MysqlIO.sqlQueryDirect(MysqlIO.java:2683)
	at com.mysql.jdbc.ConnectionImpl.execSQL(ConnectionImpl.java:2486)
	at com.mysql.jdbc.PreparedStatement.executeInternal(PreparedStatement.java:1858)
	at com.mysql.jdbc.PreparedStatement.execute(PreparedStatement.java:1197)
	at com.alibaba.druid.filter.FilterChainImpl.preparedStatement_execute(FilterChainImpl.java:3051)
	at com.alibaba.druid.filter.FilterEventAdapter.preparedStatement_execute(FilterEventAdapter.java:440)
	at com.alibaba.druid.filter.FilterChainImpl.preparedStatement_execute(FilterChainImpl.java:3049)
	at com.alibaba.druid.wall.WallFilter.preparedStatement_execute(WallFilter.java:619)
	at com.alibaba.druid.filter.FilterChainImpl.preparedStatement_execute(FilterChainImpl.java:3049)
	at com.alibaba.druid.filter.FilterEventAdapter.preparedStatement_execute(FilterEventAdapter.java:440)
	at com.alibaba.druid.filter.FilterChainImpl.preparedStatement_execute(FilterChainImpl.java:3049)
	at com.alibaba.druid.proxy.jdbc.PreparedStatementProxyImpl.execute(PreparedStatementProxyImpl.java:167)
	at com.alibaba.druid.pool.DruidPooledPreparedStatement.execute(DruidPooledPreparedStatement.java:498)
	at sun.reflect.NativeMethodAccessorImpl.invoke0(Native Method)
	at sun.reflect.NativeMethodAccessorImpl.invoke(NativeMethodAccessorImpl.java:62)
	at sun.reflect.DelegatingMethodAccessorImpl.invoke(DelegatingMethodAccessorImpl.java:43)
	at java.lang.reflect.Method.invoke(Method.java:498)
	at org.apache.ibatis.logging.jdbc.PreparedStatementLogger.invoke(PreparedStatementLogger.java:59)
	at com.sun.proxy.$Proxy114.execute(Unknown Source)
	at org.apache.ibatis.executor.statement.PreparedStatementHandler.query(PreparedStatementHandler.java:63)
	at org.apache.ibatis.executor.statement.RoutingStatementHandler.query(RoutingStatementHandler.java:79)
	at org.apache.ibatis.executor.SimpleExecutor.doQuery(SimpleExecutor.java:63)
	at org.apache.ibatis.executor.BaseExecutor.queryFromDatabase(BaseExecutor.java:326)
	at org.apache.ibatis.executor.BaseExecutor.query(BaseExecutor.java:156)
	at org.apache.ibatis.executor.CachingExecutor.query(CachingExecutor.java:109)
	at org.apache.ibatis.executor.CachingExecutor.query(CachingExecutor.java:83)
	at org.apache.ibatis.session.defaults.DefaultSqlSession.selectList(DefaultSqlSession.java:148)
	at org.apache.ibatis.session.defaults.DefaultSqlSession.selectList(DefaultSqlSession.java:141)
	at sun.reflect.NativeMethodAccessorImpl.invoke0(Native Method)
	at sun.reflect.NativeMethodAccessorImpl.invoke(NativeMethodAccessorImpl.java:62)
	at sun.reflect.DelegatingMethodAccessorImpl.invoke(DelegatingMethodAccessorImpl.java:43)
	at java.lang.reflect.Method.invoke(Method.java:498)
	at org.mybatis.spring.SqlSessionTemplate$SqlSessionInterceptor.invoke(SqlSessionTemplate.java:433)
	at com.sun.proxy.$Proxy65.selectList(Unknown Source)
	at org.mybatis.spring.SqlSessionTemplate.selectList(SqlSessionTemplate.java:230)
	at org.apache.ibatis.binding.MapperMethod.executeForMany(MapperMethod.java:139)
	at org.apache.ibatis.binding.MapperMethod.execute(MapperMethod.java:76)
	at org.apache.ibatis.binding.MapperProxy.invoke(MapperProxy.java:59)
	at com.sun.proxy.$Proxy81.selectByExample(Unknown Source)
	at com.bank.service.Impl.RemitServiceImpl.getRemitLogs(RemitServiceImpl.java:104)
	at com.bank.controller.RemitController.getRemitLogs(RemitController.java:42)
	at sun.reflect.NativeMethodAccessorImpl.invoke0(Native Method)
	at sun.reflect.NativeMethodAccessorImpl.invoke(NativeMethodAccessorImpl.java:62)
	at sun.reflect.DelegatingMethodAccessorImpl.invoke(DelegatingMethodAccessorImpl.java:43)
	at java.lang.reflect.Method.invoke(Method.java:498)
	at org.springframework.web.method.support.InvocableHandlerMethod.doInvoke(InvocableHandlerMethod.java:205)
	at org.springframework.web.method.support.InvocableHandlerMethod.invokeForRequest(InvocableHandlerMethod.java:133)
	at org.springframework.web.servlet.mvc.method.annotation.ServletInvocableHandlerMethod.invokeAndHandle(ServletInvocableHandlerMethod.java:97)
	at org.springframework.web.servlet.mvc.method.annotation.RequestMappingHandlerAdapter.invokeHandlerMethod(RequestMappingHandlerAdapter.java:827)
	at org.springframework.web.servlet.mvc.method.annotation.RequestMappingHandlerAdapter.handleInternal(RequestMappingHandlerAdapter.java:738)
	at org.springframework.web.servlet.mvc.method.AbstractHandlerMethodAdapter.handle(AbstractHandlerMethodAdapter.java:85)
	at org.springframework.web.servlet.DispatcherServlet.doDispatch(DispatcherServlet.java:967)
	at org.springframework.web.servlet.DispatcherServlet.doService(DispatcherServlet.java:901)
	at org.springframework.web.servlet.FrameworkServlet.processRequest(FrameworkServlet.java:970)
	at org.springframework.web.servlet.FrameworkServlet.doGet(FrameworkServlet.java:861)
	at javax.servlet.http.HttpServlet.service(HttpServlet.java:635)
	at org.springframework.web.servlet.FrameworkServlet.service(FrameworkServlet.java:846)
	at javax.servlet.http.HttpServlet.service(HttpServlet.java:742)
	at org.apache.catalina.core.ApplicationFilterChain.internalDoFilter(ApplicationFilterChain.java:231)
	at org.apache.catalina.core.ApplicationFilterChain.doFilter(ApplicationFilterChain.java:166)
	at org.apache.tomcat.websocket.server.WsFilter.doFilter(WsFilter.java:52)
	at org.apache.catalina.core.ApplicationFilterChain.internalDoFilter(ApplicationFilterChain.java:193)
	at org.apache.catalina.core.ApplicationFilterChain.doFilter(ApplicationFilterChain.java:166)
	at org.springframework.boot.web.filter.ApplicationContextHeaderFilter.doFilterInternal(ApplicationContextHeaderFilter.java:55)
	at org.springframework.web.filter.OncePerRequestFilter.doFilter(OncePerRequestFilter.java:107)
	at org.apache.catalina.core.ApplicationFilterChain.internalDoFilter(ApplicationFilterChain.java:193)
	at org.apache.catalina.core.ApplicationFilterChain.doFilter(ApplicationFilterChain.java:166)
	at com.alibaba.druid.support.http.WebStatFilter.doFilter(WebStatFilter.java:123)
	at org.apache.catalina.core.ApplicationFilterChain.internalDoFilter(ApplicationFilterChain.java:193)
	at org.apache.catalina.core.ApplicationFilterChain.doFilter(ApplicationFilterChain.java:166)
	at org.springframework.boot.actuate.trace.WebRequestTraceFilter.doFilterInternal(WebRequestTraceFilter.java:110)
	at org.springframework.web.filter.OncePerRequestFilter.doFilter(OncePerRequestFilter.java:107)
	at org.apache.catalina.core.ApplicationFilterChain.internalDoFilter(ApplicationFilterChain.java:193)
	at org.apache.catalina.core.ApplicationFilterChain.doFilter(ApplicationFilterChain.java:166)
	at org.springframework.web.filter.CharacterEncodingFilter.doFilterInternal(CharacterEncodingFilter.java:197)
	at org.springframework.web.filter.OncePerRequestFilter.doFilter(OncePerRequestFilter.java:107)
	at org.apache.catalina.core.ApplicationFilterChain.internalDoFilter(ApplicationFilterChain.java:193)
	at org.apache.catalina.core.ApplicationFilterChain.doFilter(ApplicationFilterChain.java:166)
	at org.springframework.boot.actuate.autoconfigure.MetricsFilter.doFilterInternal(MetricsFilter.java:106)
	at org.springframework.web.filter.OncePerRequestFilter.doFilter(OncePerRequestFilter.java:107)
	at org.apache.catalina.core.ApplicationFilterChain.internalDoFilter(ApplicationFilterChain.java:193)
	at org.apache.catalina.core.ApplicationFilterChain.doFilter(ApplicationFilterChain.java:166)
	at org.apache.catalina.core.StandardWrapperValve.invoke(StandardWrapperValve.java:199)
	at org.apache.catalina.core.StandardContextValve.invoke(StandardContextValve.java:96)
	at org.apache.catalina.authenticator.AuthenticatorBase.invoke(AuthenticatorBase.java:504)
	at org.apache.catalina.core.StandardHostValve.invoke(StandardHostValve.java:140)
	at org.apache.catalina.valves.ErrorReportValve.invoke(ErrorReportValve.java:81)
	at org.apache.catalina.core.StandardEngineValve.invoke(StandardEngineValve.java:87)
	at org.apache.catalina.connector.CoyoteAdapter.service(CoyoteAdapter.java:342)
	at org.apache.coyote.http11.Http11Processor.service(Http11Processor.java:803)
	at org.apache.coyote.AbstractProcessorLight.process(AbstractProcessorLight.java:66)
	at org.apache.coyote.AbstractProtocol$ConnectionHandler.process(AbstractProtocol.java:790)
	at org.apache.tomcat.util.net.NioEndpoint$SocketProcessor.doRun(NioEndpoint.java:1459)
	at org.apache.tomcat.util.net.SocketProcessorBase.run(SocketProcessorBase.java:49)
	at java.util.concurrent.ThreadPoolExecutor.runWorker(ThreadPoolExecutor.java:1149)
	at java.util.concurrent.ThreadPoolExecutor$Worker.run(ThreadPoolExecutor.java:624)
	at org.apache.tomcat.util.threads.TaskThread$WrappingRunnable.run(TaskThread.java:61)
	at java.lang.Thread.run(Thread.java:748)
2020-10-06 22:33:15.849 [ Thread-7 ] - [ INFO  ] [ com.alibaba.druid.pool.DruidDataSource : 1818 ] - {dataSource-1} closed
